<?xml version="1.0" encoding="UTF-8"?>
<testsuite name="structural.facade.ShopTest" tests="1" skipped="0" failures="0" errors="0" timestamp="2022-05-18T04:19:53" hostname="gfi05278" time="0.016">
  <properties/>
  <testcase name="testBillingReceiptMultipleItem()" classname="structural.facade.ShopTest" time="0.016"/>
  <system-out><![CDATA[Items purchased: 4
Price per item: 100
Total Amount: 400
]]></system-out>
  <system-err><![CDATA[]]></system-err>
</testsuite>
